----------------------------------------------------------------
Sun Mar 25 00:09:09 CET 2018:
Booting Derby version The Apache Software Foundation - Apache Derby - 10.12.1.1 - (1704137): instance a816c00e-0162-5a45-d61a-000005f3deb8 
on database directory /home/remi/IdeaProjects/GeolocalisationDonS4/donateurs with class loader sun.misc.Launcher$AppClassLoader@18b4aac2 
Loaded from file:/home/remi/IdeaProjects/GeolocalisationDonS4/src/lib/derby.jar
java.vendor=Oracle Corporation
java.runtime.version=1.8.0_151-b12
user.dir=/home/remi/IdeaProjects/GeolocalisationDonS4
os.name=Linux
os.arch=amd64
os.version=4.14.11-1-ARCH
derby.system.home=null
Database Class Loader started - derby.database.classpath=''
----------------------------------------------------------------
Sun Mar 25 00:09:14 CET 2018:
Booting Derby version The Apache Software Foundation - Apache Derby - 10.12.1.1 - (1704137): instance 610e402f-0162-5a45-d61a-000005f3deb8 
on database directory /home/remi/IdeaProjects/GeolocalisationDonS4/GeoCodeur with class loader sun.misc.Launcher$AppClassLoader@18b4aac2 
Loaded from file:/home/remi/IdeaProjects/GeolocalisationDonS4/src/lib/derby.jar
java.vendor=Oracle Corporation
java.runtime.version=1.8.0_151-b12
user.dir=/home/remi/IdeaProjects/GeolocalisationDonS4
os.name=Linux
os.arch=amd64
os.version=4.14.11-1-ARCH
derby.system.home=null
Database Class Loader started - derby.database.classpath=''
